TN:
SF:/Library/Developer/CommandLineTools/SDKs/MacOSX.sdk/usr/include/c++/v1/__iterator/ostreambuf_iterator.h
FNL:0,53,54
FNA:0,4,_ZNSt3__119ostreambuf_iteratorIcNS_11char_traitsIcEEEC1ERNS_13basic_ostreamIcS2_EE
FNA:0,4,_ZNSt3__119ostreambuf_iteratorIcNS_11char_traitsIcEEEC2ERNS_13basic_ostreamIcS2_EE
FNL:1,66,66
FNA:1,4,_ZNKSt3__119ostreambuf_iteratorIcNS_11char_traitsIcEEE6failedEv
FNF:2
FNH:2
DA:53,8
DA:54,8
DA:66,4
LF:3
LH:3
end_of_record
TN:
SF:/Library/Developer/CommandLineTools/SDKs/MacOSX.sdk/usr/include/c++/v1/__locale
FNL:0,252
FNA:0,5,_ZNSt3__1L9use_facetINS_5ctypeIcEEEERKT_RKNS_6localeE
FNL:1,697
FNA:1,5,_ZNKSt3__15ctypeIcE5widenEc
FNF:2
FNH:2
DA:252,5
DA:254,5
DA:697,5
DA:699,5
LF:4
LH:4
end_of_record
TN:
SF:/Library/Developer/CommandLineTools/SDKs/MacOSX.sdk/usr/include/c++/v1/__memory/addressof.h
FNL:0,30,32
FNA:0,0,_ZNSt3__1L9addressofIKcEEPT_RS2_
FNF:1
FNH:0
DA:30,0
DA:32,0
LF:2
LH:0
end_of_record
TN:
SF:/Library/Developer/CommandLineTools/SDKs/MacOSX.sdk/usr/include/c++/v1/__memory/allocator.h
FNL:0,74,74
FNA:0,0,_ZNSt3__116__non_trivial_ifILb1ENS_9allocatorIcEEEC2Ev
FNL:1,94,94
FNA:1,0,_ZNSt3__19allocatorIcEC2Ev
FNF:2
FNH:0
DA:74,0
DA:94,0
LF:2
LH:0
end_of_record
TN:
SF:/Library/Developer/CommandLineTools/SDKs/MacOSX.sdk/usr/include/c++/v1/__memory/compressed_pair.h
FNL:0,135,136
FNA:0,0,_ZNSt3__117__compressed_pairINS_12basic_stringIcNS_11char_traitsIcEENS_9allocatorIcEEE5__repES5_EC1INS_18__default_init_tagESA_EEOT_OT0_
FNA:0,0,_ZNSt3__117__compressed_pairINS_12basic_stringIcNS_11char_traitsIcEENS_9allocatorIcEEE5__repES5_EC2INS_18__default_init_tagESA_EEOT_OT0_
FNL:1,155,156
FNA:1,0,_ZNKSt3__117__compressed_pairINS_12basic_stringIcNS_11char_traitsIcEENS_9allocatorIcEEE5__repES5_E5firstEv
FNL:2,41,41
FNA:2,0,_ZNSt3__122__compressed_pair_elemINS_12basic_stringIcNS_11char_traitsIcEENS_9allocatorIcEEE5__repELi0ELb0EEC2ENS_18__default_init_tagE
FNL:3,67,67
FNA:3,0,_ZNKSt3__122__compressed_pair_elemINS_12basic_stringIcNS_11char_traitsIcEENS_9allocatorIcEEE5__repELi0ELb0EE5__getEv
FNL:4,82,82
FNA:4,0,_ZNSt3__122__compressed_pair_elemINS_9allocatorIcEELi1ELb1EEC2ENS_18__default_init_tagE
FNF:5
FNH:0
DA:41,0
DA:67,0
DA:82,0
DA:135,0
DA:136,0
DA:155,0
DA:156,0
LF:7
LH:0
end_of_record
TN:
SF:/Library/Developer/CommandLineTools/SDKs/MacOSX.sdk/usr/include/c++/v1/__memory/pointer_traits.h
FNL:0,152,154
FNA:0,0,_ZNSt3__114pointer_traitsIPKcE10pointer_toERS1_
FNL:1,173,175
FNA:1,0,_ZNSt3__1L12__to_addressIKcEEPT_S3_
FNF:2
FNH:0
DA:152,0
DA:154,0
DA:173,0
DA:175,0
LF:4
LH:0
end_of_record
TN:
SF:/Library/Developer/CommandLineTools/SDKs/MacOSX.sdk/usr/include/c++/v1/__nullptr
FNL:0,30
FNA:0,8,_ZNSt3__19nullptr_tC1EMNS0_5__natEi
FNA:0,8,_ZNSt3__19nullptr_tC2EMNS0_5__natEi
FNL:1,36
FNA:1,8,_ZNKSt3__19nullptr_tcvPT_INS_15basic_streambufIcNS_11char_traitsIcEEEEEEv
FNL:2,46
FNA:2,8,_ZNSt3__1L15__get_nullptr_tEv
FNF:3
FNH:3
DA:30,16
DA:36,8
DA:46,8
LF:3
LH:3
end_of_record
TN:
SF:/Library/Developer/CommandLineTools/SDKs/MacOSX.sdk/usr/include/c++/v1/__string
FNL:0,342
FNA:0,4,_ZNSt3__111char_traitsIcE6lengthEPKc
FNL:1,374
FNA:1,4,_ZNSt3__111char_traitsIcE11eq_int_typeEii
FNL:2,376
FNA:2,4,_ZNSt3__111char_traitsIcE3eofEv
FNF:3
FNH:3
DA:342,4
DA:374,4
DA:375,4
DA:376,4
DA:377,4
LF:5
LH:5
end_of_record
TN:
SF:/Library/Developer/CommandLineTools/SDKs/MacOSX.sdk/usr/include/c++/v1/__utility/forward.h
FNL:0,27,28
FNA:0,0,_ZNSt3__1L7forwardINS_18__default_init_tagEEEOT_RNS_16remove_referenceIS2_E4typeE
FNF:1
FNH:0
DA:27,0
DA:28,0
LF:2
LH:0
end_of_record
TN:
SF:/Library/Developer/CommandLineTools/SDKs/MacOSX.sdk/usr/include/c++/v1/ios
FNL:0,348
FNA:0,4,_ZNKSt3__18ios_base5rdbufEv
FNL:1,459
FNA:1,4,_ZNKSt3__18ios_base5flagsEv
FNL:2,521
FNA:2,4,_ZNKSt3__18ios_base5widthEv
FNL:3,528
FNA:3,4,_ZNSt3__18ios_base5widthEl
FNL:4,546
FNA:4,0,_ZNSt3__18ios_base8setstateEj
FNL:5,623
FNA:5,0,_ZNSt3__19basic_iosIcNS_11char_traitsIcEEE8setstateEj
FNL:6,726
FNA:6,4,_ZNKSt3__19basic_iosIcNS_11char_traitsIcEEE5rdbufEv
FNL:7,764
FNA:7,5,_ZNKSt3__19basic_iosIcNS_11char_traitsIcEEE5widenEc
FNL:8,772
FNA:8,4,_ZNKSt3__19basic_iosIcNS_11char_traitsIcEEE4fillEv
FNF:9
FNH:7
DA:348,4
DA:459,4
DA:461,4
DA:521,4
DA:523,4
DA:528,4
DA:530,4
DA:531,4
DA:532,4
DA:546,0
DA:548,0
DA:549,0
DA:623,0
DA:726,4
DA:728,4
DA:764,5
DA:766,5
DA:767,0
DA:772,4
DA:774,4
DA:775,1
DA:776,4
LF:22
LH:17
end_of_record
TN:
SF:/Library/Developer/CommandLineTools/SDKs/MacOSX.sdk/usr/include/c++/v1/locale
FNL:0,1395
FNA:0,4,_ZNSt3__116__pad_and_outputIcNS_11char_traitsIcEEEENS_19ostreambuf_iteratorIT_T0_EES6_PKS4_S8_S8_RNS_8ios_baseES4_
FNF:1
FNH:1
DA:1395,4
DA:1399,4
DA:1400,0
DA:1401,4
DA:1402,4
DA:1403,4
DA:1404,0
DA:1406,4
DA:1407,4
DA:1408,4
DA:1410,0
DA:1412,0
DA:1413,0
DA:1415,0
DA:1416,4
DA:1418,0
DA:1419,0
DA:1421,0
DA:1422,0
DA:1424,0
DA:1425,4
DA:1426,4
DA:1428,4
DA:1430,0
DA:1431,0
DA:1433,4
DA:1434,4
DA:1435,4
DA:1436,4
LF:29
LH:16
end_of_record
TN:
SF:/Library/Developer/CommandLineTools/SDKs/MacOSX.sdk/usr/include/c++/v1/ostream
FNL:0,188
FNA:0,4,_ZNSt3__113basic_ostreamIcNS_11char_traitsIcEEElsEPFRS3_S4_E
FNL:1,251
FNA:1,4,_ZNKSt3__113basic_ostreamIcNS_11char_traitsIcEEE6sentrycvbEv
FNL:2,707
FNA:2,4,_ZNSt3__124__put_character_sequenceIcNS_11char_traitsIcEEEERNS_13basic_ostreamIT_T0_EES7_PKS4_m
FNL:3,855
FNA:3,4,_ZNSt3__1lsINS_11char_traitsIcEEEERNS_13basic_ostreamIcT_EES6_PKc
FNL:4,992
FNA:4,4,_ZNSt3__14endlIcNS_11char_traitsIcEEEERNS_13basic_ostreamIT_T0_EES7_
FNF:5
FNH:5
DA:188,4
DA:189,4
DA:251,4
DA:707,4
DA:714,4
DA:715,4
DA:718,8
DA:719,4
DA:720,4
DA:721,0
DA:722,4
DA:723,4
DA:724,4
DA:725,8
DA:726,0
DA:727,4
DA:729,4
DA:732,0
DA:733,0
DA:735,4
DA:736,0
DA:855,4
DA:857,4
DA:992,4
DA:994,4
DA:995,4
DA:996,4
LF:27
LH:22
end_of_record
TN:
SF:/Library/Developer/CommandLineTools/SDKs/MacOSX.sdk/usr/include/c++/v1/streambuf
FNL:0,228
FNA:0,4,_ZNSt3__115basic_streambufIcNS_11char_traitsIcEEE5sputnEPKcl
FNF:1
FNH:1
DA:228,4
DA:229,4
LF:2
LH:2
end_of_record
TN:
SF:/Library/Developer/CommandLineTools/SDKs/MacOSX.sdk/usr/include/c++/v1/string
FNL:0,1265
FNA:0,0,_ZNKSt3__112basic_stringIcNS_11char_traitsIcEENS_9allocatorIcEEE4dataEv
FNL:1,1458
FNA:1,0,_ZNKSt3__112basic_stringIcNS_11char_traitsIcEENS_9allocatorIcEEE9__is_longEv
FNL:2,1568
FNA:2,0,_ZNKSt3__112basic_stringIcNS_11char_traitsIcEENS_9allocatorIcEEE18__get_long_pointerEv
FNL:3,1574
FNA:3,0,_ZNKSt3__112basic_stringIcNS_11char_traitsIcEENS_9allocatorIcEEE19__get_short_pointerEv
FNL:4,1580
FNA:4,0,_ZNKSt3__112basic_stringIcNS_11char_traitsIcEENS_9allocatorIcEEE13__get_pointerEv
FNL:5,2084
FNA:5,0,_ZNSt3__112basic_stringIcNS_11char_traitsIcEENS_9allocatorIcEEEC1Emc
FNA:5,0,_ZNSt3__112basic_stringIcNS_11char_traitsIcEENS_9allocatorIcEEEC2Emc
FNF:6
FNH:0
DA:1265,0
DA:1458,0
DA:1459,0
DA:1568,0
DA:1569,0
DA:1574,0
DA:1575,0
DA:1580,0
DA:1581,0
DA:2084,0
DA:2085,0
DA:2086,0
DA:2087,0
DA:2091,0
LF:14
LH:0
end_of_record
TN:
SF:/Users/apple/Downloads/c++/main.cpp
FNL:0,12,13
FNA:0,1,_ZN10Calculator8subtractEii
FNL:1,17,18
FNA:1,1,_ZN10Calculator8multiplyEii
FNL:2,22,23
FNA:2,1,_ZN10Calculator6divideEii
FNL:3,27,40
FNA:3,1,main
FNL:4,7,8
FNA:4,1,_ZN10Calculator3addEii
FNF:5
FNH:5
DA:7,1
DA:8,1
DA:12,1
DA:13,1
DA:17,1
DA:18,1
DA:22,1
DA:23,1
DA:27,1
DA:29,1
DA:30,1
DA:31,1
DA:32,1
DA:35,1
DA:36,1
DA:37,1
DA:38,1
DA:40,1
LF:18
LH:18
end_of_record
